<?xml version="1.0" encoding="UTF-8"?>
<testsuite name="com.ata.appbundle.core.ExampleUnitTest" tests="1" skipped="0" failures="0" errors="0" timestamp="2020-12-07T13:34:41" hostname="P090MA013" time="0.001">
  <properties/>
  <testcase name="addition_isCorrect" classname="com.ata.appbundle.core.ExampleUnitTest" time="0.001"/>
  <system-out><![CDATA[]]></system-out>
  <system-err><![CDATA[]]></system-err>
</testsuite>
